#
# There is insufficient memory for the Java Runtime Environment to continue.
# Native memory allocation (malloc) failed to allocate 291776 bytes for Chunk::new
# Possible reasons:
#   The system is out of physical RAM or swap space
#   In 32 bit mode, the process size limit was hit
# Possible solutions:
#   Reduce memory load on the system
#   Increase physical memory or swap space
#   Check if swap backing store is full
#   Use 64 bit Java on a 64 bit OS
#   Decrease Java heap size (-Xmx/-Xms)
#   Decrease number of Java threads
#   Decrease Java thread stack sizes (-Xss)
#   Set larger code cache with -XX:ReservedCodeCacheSize=
# This output file may be truncated or incomplete.
#
#  Out of Memory Error (allocation.cpp:390), pid=8320, tid=9684
#
# JRE version: Java(TM) SE Runtime Environment (8.0_74-b02) (build 1.8.0_74-b02)
# Java VM: Java HotSpot(TM) 64-Bit Server VM (25.74-b02 mixed mode windows-amd64 compressed oops)
# Failed to write core dump. Minidumps are not enabled by default on client versions of Windows
#

---------------  T H R E A D  ---------------

Current thread (0x00000000159c9800):  JavaThread "C2 CompilerThread0" daemon [_thread_in_native, id=9684, stack(0x0000000017010000,0x0000000017110000)]

Stack: [0x0000000017010000,0x0000000017110000]
[error occurred during error reporting (printing stack bounds), id 0xc0000005]

Native frames: (J=compiled Java code, j=interpreted, Vv=VM code, C=native code)


Current CompileTask:
C2:   6302 1748       4       com.android.dx.ssa.Dominators::compress (229 bytes)


---------------  P R O C E S S  ---------------

Java Threads: ( => current thread )
  0x0000000017311800 JavaThread "Service Thread" daemon [_thread_blocked, id=1436, stack(0x0000000017710000,0x0000000017810000)]
  0x0000000015a2a000 JavaThread "C1 CompilerThread2" daemon [_thread_blocked, id=2360, stack(0x0000000017210000,0x0000000017310000)]
  0x0000000015a29000 JavaThread "C2 CompilerThread1" daemon [_thread_in_native, id=5376, stack(0x0000000017110000,0x0000000017210000)]
=>0x00000000159c9800 JavaThread "C2 CompilerThread0" daemon [_thread_in_native, id=9684, stack(0x0000000017010000,0x0000000017110000)]
  0x00000000159c8000 JavaThread "Attach Listener" daemon [_thread_blocked, id=1600, stack(0x0000000016f10000,0x0000000017010000)]
  0x00000000159d6800 JavaThread "Signal Dispatcher" daemon [_thread_blocked, id=9972, stack(0x0000000016e10000,0x0000000016f10000)]
  0x00000000159ba000 JavaThread "Finalizer" daemon [_thread_blocked, id=5464, stack(0x0000000016c20000,0x0000000016d20000)]
  0x0000000001e6f000 JavaThread "Reference Handler" daemon [_thread_blocked, id=9584, stack(0x0000000016b20000,0x0000000016c20000)]
  0x0000000001d80800 JavaThread "main" [_thread_in_vm, id=8956, stack(0x0000000001c80000,0x0000000001d80000)]

Other Threads:
  0x0000000015997800 VMThread [stack: 0x0000000016a20000,0x0000000016b20000] [id=9052]
  0x0000000017319800 WatcherThread [stack: 0x0000000017810000,0x0000000017910000] [id=9268]

VM state:not at safepoint (normal execution)

VM Mutex/Monitor currently owned by a thread:  ([mutex/lock_event])
[0x0000000001c7b6f0] CodeCache_lock - owner thread: 0x0000000000000000

Heap:
 PSYoungGen      total 71680K, used 42900K [0x00000000eab00000, 0x00000000ef600000, 0x0000000100000000)
  eden space 66560K, 56% used [0x00000000eab00000,0x00000000ecfe7150,0x00000000eec00000)
  from space 5120K, 99% used [0x00000000ef100000,0x00000000ef5fe0c8,0x00000000ef600000)
  to   space 5120K, 0% used [0x00000000eec00000,0x00000000eec00000,0x00000000ef100000)
 ParOldGen       total 87552K, used 16846K [0x00000000c0000000, 0x00000000c5580000, 0x00000000eab00000)
  object space 87552K, 19% used [0x00000000c0000000,0x00000000c1073ac8,0x00000000c5580000)
 Metaspace       used 6443K, capacity 7160K, committed 7296K, reserved 1056768K
  class space    used 608K, capacity 624K, committed 640K, reserved 1048576K

Card table byte_map: [0x00000000127c0000,0x00000000129d0000] byte_map_base: 0x00000000121c0000

Marking Bits: (ParMarkBitMap*) 0x0000000054120600
 Begin Bits: [0x0000000012e30000, 0x0000000013e30000)
 End Bits:   [0x0000000013e30000, 0x0000000014e30000)

Polling page: 0x0000000001b20000

CodeCache: size=245760Kb used=7030Kb max_used=7030Kb free=238729Kb
 bounds [0x0000000003400000, 0x0000000003af0000, 0x0000000012400000]
 total_blobs=2090 nmethods=1821 adapters=181
 compilation: enabled

Compilation events (10 events):
Event: 6.290 Thread 0x0000000015a2a000 1853 %     3       com.android.dx.dex.code.OutputFinisher::getAllConstants @ 18 (47 bytes)
Event: 6.290 Thread 0x0000000015a2a000 nmethod 1853% 0x0000000003ade410 code [0x0000000003ade640, 0x0000000003adf058]
Event: 6.293 Thread 0x0000000015a2a000 1857       2       java.util.HashSet::iterator (13 bytes)
Event: 6.293 Thread 0x0000000015a2a000 nmethod 1857 0x0000000003ade050 code [0x0000000003ade1c0, 0x0000000003ade358]
Event: 6.293 Thread 0x0000000015a2a000 1858       2       java.util.HashMap::keySet (27 bytes)
Event: 6.293 Thread 0x0000000015a2a000 nmethod 1858 0x0000000003addc90 code [0x0000000003addde0, 0x0000000003addfd0]
Event: 6.293 Thread 0x0000000015a2a000 1859       2       com.android.dx.dex.file.CodeItem::addContents (174 bytes)
Event: 6.295 Thread 0x0000000015a2a000 nmethod 1859 0x0000000003adfdd0 code [0x0000000003ae0040, 0x0000000003ae07a8]
Event: 6.299 Thread 0x0000000015a2a000 1860       3       com.android.dx.dex.code.OutputFinisher::getAllConstants (47 bytes)
Event: 6.300 Thread 0x0000000015a2a000 nmethod 1860 0x0000000003ae0fd0 code [0x0000000003ae1200, 0x0000000003ae1b48]

GC Heap History (8 events):
Event: 5.109 GC heap before
{Heap before GC invocations=1 (full 0):
 PSYoungGen      total 38400K, used 33280K [0x00000000eab00000, 0x00000000ed580000, 0x0000000100000000)
  eden space 33280K, 100% used [0x00000000eab00000,0x00000000ecb80000,0x00000000ecb80000)
  from space 5120K, 0% used [0x00000000ed080000,0x00000000ed080000,0x00000000ed580000)
  to   space 5120K, 0% used [0x00000000ecb80000,0x00000000ecb80000,0x00000000ed080000)
 ParOldGen       total 87552K, used 0K [0x00000000c0000000, 0x00000000c5580000, 0x00000000eab00000)
  object space 87552K, 0% used [0x00000000c0000000,0x00000000c0000000,0x00000000c5580000)
 Metaspace       used 5985K, capacity 6896K, committed 7040K, reserved 1056768K
  class space    used 594K, capacity 616K, committed 640K, reserved 1048576K
Event: 5.125 GC heap after
Heap after GC invocations=1 (full 0):
 PSYoungGen      total 38400K, used 5114K [0x00000000eab00000, 0x00000000ed580000, 0x0000000100000000)
  eden space 33280K, 0% used [0x00000000eab00000,0x00000000eab00000,0x00000000ecb80000)
  from space 5120K, 99% used [0x00000000ecb80000,0x00000000ed07ea98,0x00000000ed080000)
  to   space 5120K, 0% used [0x00000000ed080000,0x00000000ed080000,0x00000000ed580000)
 ParOldGen       total 87552K, used 1329K [0x00000000c0000000, 0x00000000c5580000, 0x00000000eab00000)
  object space 87552K, 1% used [0x00000000c0000000,0x00000000c014c5c0,0x00000000c5580000)
 Metaspace       used 5985K, capacity 6896K, committed 7040K, reserved 1056768K
  class space    used 594K, capacity 616K, committed 640K, reserved 1048576K
}
Event: 5.474 GC heap before
{Heap before GC invocations=2 (full 0):
 PSYoungGen      total 38400K, used 38394K [0x00000000eab00000, 0x00000000ed580000, 0x0000000100000000)
  eden space 33280K, 100% used [0x00000000eab00000,0x00000000ecb80000,0x00000000ecb80000)
  from space 5120K, 99% used [0x00000000ecb80000,0x00000000ed07ea98,0x00000000ed080000)
  to   space 5120K, 0% used [0x00000000ed080000,0x00000000ed080000,0x00000000ed580000)
 ParOldGen       total 87552K, used 1329K [0x00000000c0000000, 0x00000000c5580000, 0x00000000eab00000)
  object space 87552K, 1% used [0x00000000c0000000,0x00000000c014c5c0,0x00000000c5580000)
 Metaspace       used 6183K, capacity 7026K, committed 7296K, reserved 1056768K
  class space    used 600K, capacity 618K, committed 640K, reserved 1048576K
Event: 5.492 GC heap after
Heap after GC invocations=2 (full 0):
 PSYoungGen      total 38400K, used 5095K [0x00000000eab00000, 0x00000000ef600000, 0x0000000100000000)
  eden space 33280K, 0% used [0x00000000eab00000,0x00000000eab00000,0x00000000ecb80000)
  from space 5120K, 99% used [0x00000000ed080000,0x00000000ed579c98,0x00000000ed580000)
  to   space 5120K, 0% used [0x00000000ecb80000,0x00000000ecb80000,0x00000000ed080000)
 ParOldGen       total 87552K, used 6122K [0x00000000c0000000, 0x00000000c5580000, 0x00000000eab00000)
  object space 87552K, 6% used [0x00000000c0000000,0x00000000c05faa48,0x00000000c5580000)
 Metaspace       used 6183K, capacity 7026K, committed 7296K, reserved 1056768K
  class space    used 600K, capacity 618K, committed 640K, reserved 1048576K
}
Event: 5.802 GC heap before
{Heap before GC invocations=3 (full 0):
 PSYoungGen      total 38400K, used 38375K [0x00000000eab00000, 0x00000000ef600000, 0x0000000100000000)
  eden space 33280K, 100% used [0x00000000eab00000,0x00000000ecb80000,0x00000000ecb80000)
  from space 5120K, 99% used [0x00000000ed080000,0x00000000ed579c98,0x00000000ed580000)
  to   space 5120K, 0% used [0x00000000ecb80000,0x00000000ecb80000,0x00000000ed080000)
 ParOldGen       total 87552K, used 6122K [0x00000000c0000000, 0x00000000c5580000, 0x00000000eab00000)
  object space 87552K, 6% used [0x00000000c0000000,0x00000000c05faa48,0x00000000c5580000)
 Metaspace       used 6265K, capacity 7090K, committed 7296K, reserved 1056768K
  class space    used 600K, capacity 618K, committed 640K, reserved 1048576K
Event: 5.829 GC heap after
Heap after GC invocations=3 (full 0):
 PSYoungGen      total 38400K, used 5088K [0x00000000eab00000, 0x00000000ef600000, 0x0000000100000000)
  eden space 33280K, 0% used [0x00000000eab00000,0x00000000eab00000,0x00000000ecb80000)
  from space 5120K, 99% used [0x00000000ecb80000,0x00000000ed078018,0x00000000ed080000)
  to   space 5120K, 0% used [0x00000000ef100000,0x00000000ef100000,0x00000000ef600000)
 ParOldGen       total 87552K, used 11622K [0x00000000c0000000, 0x00000000c5580000, 0x00000000eab00000)
  object space 87552K, 13% used [0x00000000c0000000,0x00000000c0b59978,0x00000000c5580000)
 Metaspace       used 6265K, capacity 7090K, committed 7296K, reserved 1056768K
  class space    used 600K, capacity 618K, committed 640K, reserved 1048576K
}
Event: 6.015 GC heap before
{Heap before GC invocations=4 (full 0):
 PSYoungGen      total 38400K, used 38368K [0x00000000eab00000, 0x00000000ef600000, 0x0000000100000000)
  eden space 33280K, 100% used [0x00000000eab00000,0x00000000ecb80000,0x00000000ecb80000)
  from space 5120K, 99% used [0x00000000ecb80000,0x00000000ed078018,0x00000000ed080000)
  to   space 5120K, 0% used [0x00000000ef100000,0x00000000ef100000,0x00000000ef600000)
 ParOldGen       total 87552K, used 11622K [0x00000000c0000000, 0x00000000c5580000, 0x00000000eab00000)
  object space 87552K, 13% used [0x00000000c0000000,0x00000000c0b59978,0x00000000c5580000)
 Metaspace       used 6287K, capacity 7090K, committed 7296K, reserved 1056768K
  class space    used 600K, capacity 618K, committed 640K, reserved 1048576K
Event: 6.053 GC heap after
Heap after GC invocations=4 (full 0):
 PSYoungGen      total 71680K, used 5112K [0x00000000eab00000, 0x00000000ef600000, 0x0000000100000000)
  eden space 66560K, 0% used [0x00000000eab00000,0x00000000eab00000,0x00000000eec00000)
  from space 5120K, 99% used [0x00000000ef100000,0x00000000ef5fe0c8,0x00000000ef600000)
  to   space 5120K, 0% used [0x00000000eec00000,0x00000000eec00000,0x00000000ef100000)
 ParOldGen       total 87552K, used 16846K [0x00000000c0000000, 0x00000000c5580000, 0x00000000eab00000)
  object space 87552K, 19% used [0x00000000c0000000,0x00000000c1073ac8,0x00000000c5580000)
 Metaspace       used 6287K, capacity 7090K, committed 7296K, reserved 1056768K
  class space    used 600K, capacity 618K, committed 640K, reserved 1048576K
}

Deoptimization events (10 events):
Event: 6.271 Thread 0x0000000001d80800 Uncommon trap: reason=bimorphic action=maybe_recompile pc=0x0000000003653d04 method=java.util.HashMap.getNode(ILjava/lang/Object;)Ljava/util/HashMap$Node; @ 126
Event: 6.275 Thread 0x0000000001d80800 Uncommon trap: reason=bimorphic action=maybe_recompile pc=0x0000000003653d04 method=java.util.HashMap.getNode(ILjava/lang/Object;)Ljava/util/HashMap$Node; @ 126
Event: 6.275 Thread 0x0000000001d80800 Uncommon trap: reason=bimorphic action=maybe_recompile pc=0x0000000003653d04 method=java.util.HashMap.getNode(ILjava/lang/Object;)Ljava/util/HashMap$Node; @ 126
Event: 6.275 Thread 0x0000000001d80800 Uncommon trap: reason=bimorphic action=maybe_recompile pc=0x0000000003653d04 method=java.util.HashMap.getNode(ILjava/lang/Object;)Ljava/util/HashMap$Node; @ 126
Event: 6.276 Thread 0x0000000001d80800 Uncommon trap: reason=bimorphic action=maybe_recompile pc=0x0000000003865888 method=java.util.HashMap.getNode(ILjava/lang/Object;)Ljava/util/HashMap$Node; @ 126
Event: 6.279 Thread 0x0000000001d80800 Uncommon trap: reason=class_check action=maybe_recompile pc=0x00000000038681dc method=java.util.HashMap.putVal(ILjava/lang/Object;Ljava/lang/Object;ZZ)Ljava/lang/Object; @ 203
Event: 6.280 Thread 0x0000000001d80800 Uncommon trap: reason=class_check action=maybe_recompile pc=0x00000000038681dc method=java.util.HashMap.putVal(ILjava/lang/Object;Ljava/lang/Object;ZZ)Ljava/lang/Object; @ 203
Event: 6.280 Thread 0x0000000001d80800 Uncommon trap: reason=class_check action=maybe_recompile pc=0x00000000038681dc method=java.util.HashMap.putVal(ILjava/lang/Object;Ljava/lang/Object;ZZ)Ljava/lang/Object; @ 203
Event: 6.281 Thread 0x0000000001d80800 Uncommon trap: reason=class_check action=maybe_recompile pc=0x00000000038681dc method=java.util.HashMap.putVal(ILjava/lang/Object;Ljava/lang/Object;ZZ)Ljava/lang/Object; @ 203
Event: 6.282 Thread 0x0000000001d80800 Uncommon trap: reason=class_check action=maybe_recompile pc=0x0000000003866e44 method=java.util.HashMap.putVal(ILjava/lang/Object;Ljava/lang/Object;ZZ)Ljava/lang/Object; @ 203

Internal exceptions (2 events):
Event: 2.200 Thread 0x0000000001d80800 Exception <a 'java/lang/NoSuchMethodError': Method sun.misc.Unsafe.defineClass(Ljava/lang/String;[BII)Ljava/lang/Class; name or signature does not match> (0x00000000eab07cc0) thrown at [C:\re\workspace\8-2-build-windows-amd64-cygwin\jdk8u74\6087\hotspot\srzç¹Ô™@
Event: 2.200 Thread 0x0000000001d80800 Exception <a 'java/lang/NoSuchMethodError': Method sun.misc.Unsafe.prefetchRead(Ljava/lang/Object;J)V name or signature does not match> (0x00000000eab07fa8) thrown at [C:\re\workspace\8-2-build-windows-amd64-cygwin\jdk8u74\6087\hotspot\src\share\vm\prims\j

Events (10 events):
Event: 6.281 Thread 0x0000000001d80800 Uncommon trap: trap_request=0xffffffde fr.pc=0x00000000038681dc
Event: 6.281 Thread 0x0000000001d80800 DEOPT PACKING pc=0x00000000038681dc sp=0x0000000001d7ef10
Event: 6.281 Thread 0x0000000001d80800 DEOPT UNPACKING pc=0x000000000344582a sp=0x0000000001d7ee30 mode 2
Event: 6.282 Thread 0x0000000001d80800 Uncommon trap: trap_request=0xffffffde fr.pc=0x0000000003866e44
Event: 6.282 Thread 0x0000000001d80800 DEOPT PACKING pc=0x0000000003866e44 sp=0x0000000001d7ee80
Event: 6.282 Thread 0x0000000001d80800 DEOPT UNPACKING pc=0x000000000344582a sp=0x0000000001d7ee28 mode 2
Event: 6.287 loading class com/android/dx/dex/file/CatchStructs
Event: 6.287 loading class com/android/dx/dex/file/CatchStructs done
Event: 6.299 Thread 0x0000000001d80800 DEOPT PACKING pc=0x0000000003ada614 sp=0x0000000001d7f020
Event: 6.299 Thread 0x0000000001d80800 DEOPT UNPACKING pc=0x000000000344787f sp=0x0000000001d7edb0 mode 0


Dynamic libraries:
0x00007ff6b7200000 - 0x00007ff6b7237000 	C:\Program Files\Java\jdk1.8.0_74\bin\java.exe
0x00007ffb06480000 - 0x00007ffb06651000 	C:\WINDOWS\SYSTEM32\ntdll.dll
0x00007ffb04750000 - 0x00007ffb047fb000 	C:\WINDOWS\System32\KERNEL32.DLL
0x00007ffb02b70000 - 0x00007ffb02d8d000 	C:\WINDOWS\System32\KERNELBASE.dll
0x00007ffb04220000 - 0x00007ffb042c2000 	C:\WINDOWS\System32\ADVAPI32.dll
0x00007ffb04d60000 - 0x00007ffb04dfe000 	C:\WINDOWS\System32\msvcrt.dll
0x00007ffb063b0000 - 0x00007ffb06409000 	C:\WINDOWS\System32\sechost.dll
0x00007ffb040f0000 - 0x00007ffb04211000 	C:\WINDOWS\System32\RPCRT4.dll
0x00007ffb03f80000 - 0x00007ffb040e5000 	C:\WINDOWS\System32\USER32.dll
0x00007ffb03470000 - 0x00007ffb0348e000 	C:\WINDOWS\System32\win32u.dll
0x00007ffb03d70000 - 0x00007ffb03da4000 	C:\WINDOWS\System32\GDI32.dll
0x00007ffb029e0000 - 0x00007ffb02b62000 	C:\WINDOWS\System32\gdi32full.dll
0x00007ffaf6ae0000 - 0x00007ffaf6d59000 	C:\WINDOWS\WinSxS\amd64_microsoft.windows.common-controls_6595b64144ccf1df_6.0.14393.0_none_2d0f50fcbdb171b8\COMCTL32.dll
0x00007ffb042d0000 - 0x00007ffb04597000 	C:\WINDOWS\System32\combase.dll
0x00007ffb03710000 - 0x00007ffb03805000 	C:\WINDOWS\System32\ucrtbase.dll
0x00007ffb02970000 - 0x00007ffb029da000 	C:\WINDOWS\System32\bcryptPrimitives.dll
0x00007ffb045a0000 - 0x00007ffb045ce000 	C:\WINDOWS\System32\IMM32.DLL
0x0000000053490000 - 0x0000000053562000 	C:\Program Files\Java\jdk1.8.0_74\jre\bin\msvcr100.dll
0x0000000053910000 - 0x00000000541a0000 	C:\Program Files\Java\jdk1.8.0_74\jre\bin\server\jvm.dll
0x00007ffb03e20000 - 0x00007ffb03e28000 	C:\WINDOWS\System32\PSAPI.DLL
0x00007ffaf5d00000 - 0x00007ffaf5d09000 	C:\WINDOWS\SYSTEM32\WSOCK32.dll
0x00007ffb04c30000 - 0x00007ffb04c9a000 	C:\WINDOWS\System32\WS2_32.dll
0x00007ffb00770000 - 0x00007ffb00793000 	C:\WINDOWS\SYSTEM32\WINMM.dll
0x00007ffaf6d60000 - 0x00007ffaf6d6a000 	C:\WINDOWS\SYSTEM32\VERSION.dll
0x00007ffb006d0000 - 0x00007ffb006fb000 	C:\WINDOWS\SYSTEM32\WINMMBASE.dll
0x00007ffb036c0000 - 0x00007ffb03702000 	C:\WINDOWS\System32\cfgmgr32.dll
0x0000000053900000 - 0x000000005390f000 	C:\Program Files\Java\jdk1.8.0_74\jre\bin\verify.dll
0x00000000538d0000 - 0x00000000538f9000 	C:\Program Files\Java\jdk1.8.0_74\jre\bin\java.dll
0x00000000538b0000 - 0x00000000538c6000 	C:\Program Files\Java\jdk1.8.0_74\jre\bin\zip.dll
0x00007ffb04ea0000 - 0x00007ffb063a8000 	C:\WINDOWS\System32\SHELL32.dll
0x00007ffb02d90000 - 0x00007ffb0346a000 	C:\WINDOWS\System32\windows.storage.dll
0x00007ffb028e0000 - 0x00007ffb0292c000 	C:\WINDOWS\System32\powrprof.dll
0x00007ffb03db0000 - 0x00007ffb03e02000 	C:\WINDOWS\System32\shlwapi.dll
0x00007ffb02940000 - 0x00007ffb0294f000 	C:\WINDOWS\System32\kernel.appcore.dll
0x00007ffb03960000 - 0x00007ffb03a09000 	C:\WINDOWS\System32\shcore.dll
0x00007ffb02950000 - 0x00007ffb02964000 	C:\WINDOWS\System32\profapi.dll

VM Arguments:
jvm_args: -Djava.awt.headless=true -Xmx1024M -Dfile.encoding=windows-1251 -Duser.country=RU -Duser.language=ru -Duser.variant 
java_command: com.android.dx.command.Main --dex --num-threads=4 --output C:\AndroidStudioProjects\JokeMachine\app\build\intermediates\pre-dexed\debug\com.google.android.gms-play-services-tagmanager-9.6.1_05a0ce94737172aee71b014fd9033f575311e756.jar C:\AndroidStudioProjects\JokeMachine\app\build\intermediates\exploded-aar\com.google.android.gms\play-services-tagmanager\9.6.1\jars\classes.jar
java_class_path (initial): C:\sdk\build-tools\23.0.3\lib\dx.jar
Launcher Type: SUN_STANDARD

Environment Variables:
PATH=C:\ProgramData\Oracle\Java\javapath;C:\WINDOWS\system32;C:\WINDOWS;C:\WINDOWS\System32\Wbem;C:\WINDOWS\System32\WindowsPowerShell\v1.0\;C:\Program Files (x86)\Skype\Phone\;C:\Qt\Qt5.6.0\Tools\mingw492_32\bin;C:\gradle-2.14.1\bin\;C:\Users\nkt01\AppData\Local\Microsoft\WindowsApps;
USERNAME=nkt01
OS=Windows_NT
PROCESSOR_IDENTIFIER=Intel64 Family 6 Model 69 Stepping 1, GenuineIntel



---------------  S Y S T E M  ---------------

OS: Windows 10.0 , 64 bit Build 14393 (10.0.14393.0)

CPU:total 4 (2 cores per cpu, 2 threads per core) family 6 model 69 stepping 1, cmov, cx8, fxsr, mmx, sse, sse2, sse3, ssse3, sse4.1, sse4.2, popcnt, avx, avx2, aes, clmul, erms, lzcnt, ht, tsc, tscinvbit, bmi1, bmi2

Memory: 4k page, physical 8310040k(670776k free), swap 9358616k(5236k free)

vm_info: Java HotSpot(TM) 64-Bit Server VM (25.74-b02) for windows-amd64 JRE (1.8.0_74-b02), built on Jan 29 2016 17:42:36 by "java_re" with MS VC++ 10.0 (VS2010)

time: Sun Oct 16 18:45:48 2016
elapsed time: 6 seconds (0d 0h 0m 6s)

